c:\users\jacob mccarthy\documents\github\remote-driving-capstone\vehicle\vehicle\vehicle\debug\vc140.pdb
c:\users\jacob mccarthy\documents\github\remote-driving-capstone\vehicle\vehicle\vehicle\debug\vc140.idb
c:\users\jacob mccarthy\documents\github\remote-driving-capstone\vehicle\vehicle\vehicle\debug\main.obj
c:\users\jacob mccarthy\documents\github\remote-driving-capstone\vehicle\vehicle\vehicle\debug\bbb.obj
c:\users\jacob mccarthy\documents\github\remote-driving-capstone\vehicle\vehicle\vehicle\debug\logicontrollerinput.obj
c:\users\jacob mccarthy\documents\github\remote-driving-capstone\vehicle\vehicle\vehicle\debug\logicontrollerinpututils.obj
c:\users\jacob mccarthy\documents\github\remote-driving-capstone\vehicle\vehicle\vehicle\debug\logicontrollerproperties.obj
c:\users\jacob mccarthy\documents\github\remote-driving-capstone\vehicle\vehicle\vehicle\debug\logidamperforce.obj
c:\users\jacob mccarthy\documents\github\remote-driving-capstone\vehicle\vehicle\vehicle\debug\logidirtroadeffect.obj
c:\users\jacob mccarthy\documents\github\remote-driving-capstone\vehicle\vehicle\vehicle\debug\logiforce.obj
c:\users\jacob mccarthy\documents\github\remote-driving-capstone\vehicle\vehicle\vehicle\debug\logifrontalcollisioneffect.obj
c:\users\jacob mccarthy\documents\github\remote-driving-capstone\vehicle\vehicle\vehicle\debug\logigamecontroller.obj
c:\users\jacob mccarthy\documents\github\remote-driving-capstone\vehicle\vehicle\vehicle\debug\logigamecontrollerdi.obj
c:\users\jacob mccarthy\documents\github\remote-driving-capstone\vehicle\vehicle\vehicle\debug\logigamecontrollerxinput.obj
c:\users\jacob mccarthy\documents\github\remote-driving-capstone\vehicle\vehicle\vehicle\debug\logigamingsoftwaremanager.obj
c:\users\jacob mccarthy\documents\github\remote-driving-capstone\vehicle\vehicle\vehicle\debug\logileds.obj
c:\users\jacob mccarthy\documents\github\remote-driving-capstone\vehicle\vehicle\vehicle\debug\logisidecollisioneffect.obj
c:\users\jacob mccarthy\documents\github\remote-driving-capstone\vehicle\vehicle\vehicle\debug\logislipperyroadeffect.obj
c:\users\jacob mccarthy\documents\github\remote-driving-capstone\vehicle\vehicle\vehicle\debug\logisoftstopforce.obj
c:\users\jacob mccarthy\documents\github\remote-driving-capstone\vehicle\vehicle\vehicle\debug\logispringforce.obj
c:\users\jacob mccarthy\documents\github\remote-driving-capstone\vehicle\vehicle\vehicle\debug\logisurfaceeffect.obj
c:\users\jacob mccarthy\documents\github\remote-driving-capstone\vehicle\vehicle\vehicle\debug\logiwheel.obj
c:\users\jacob mccarthy\documents\github\remote-driving-capstone\vehicle\vehicle\vehicle\debug\logiwheelutils.obj
c:\users\jacob mccarthy\documents\github\remote-driving-capstone\vehicle\vehicle\vehicle\debug\logibumpyroadeffect.obj
c:\users\jacob mccarthy\documents\github\remote-driving-capstone\vehicle\vehicle\vehicle\debug\logiconstantforce.obj
c:\users\jacob mccarthy\documents\github\remote-driving-capstone\vehicle\vehicle\vehicle\debug\logicontrollerforcemanager.obj
c:\users\jacob mccarthy\documents\github\remote-driving-capstone\vehicle\vehicle\debug\vehicle.ilk
c:\users\jacob mccarthy\documents\github\remote-driving-capstone\vehicle\vehicle\debug\vehicle.exe
c:\users\jacob mccarthy\documents\github\remote-driving-capstone\vehicle\vehicle\debug\vehicle.pdb
c:\users\jacob mccarthy\documents\github\remote-driving-capstone\vehicle\vehicle\vehicle\debug\vehicle.tlog\cl.command.1.tlog
c:\users\jacob mccarthy\documents\github\remote-driving-capstone\vehicle\vehicle\vehicle\debug\vehicle.tlog\cl.read.1.tlog
c:\users\jacob mccarthy\documents\github\remote-driving-capstone\vehicle\vehicle\vehicle\debug\vehicle.tlog\cl.write.1.tlog
c:\users\jacob mccarthy\documents\github\remote-driving-capstone\vehicle\vehicle\vehicle\debug\vehicle.tlog\link.command.1.tlog
c:\users\jacob mccarthy\documents\github\remote-driving-capstone\vehicle\vehicle\vehicle\debug\vehicle.tlog\link.read.1.tlog
c:\users\jacob mccarthy\documents\github\remote-driving-capstone\vehicle\vehicle\vehicle\debug\vehicle.tlog\link.write.1.tlog
