c:\users\jacob mccarthy\documents\github\remote-driving-capstone\controller\controlstation\wheelpractice\debug\vc140.pdb
c:\users\jacob mccarthy\documents\github\remote-driving-capstone\controller\controlstation\wheelpractice\debug\vc140.idb
c:\users\jacob mccarthy\documents\github\remote-driving-capstone\controller\controlstation\wheelpractice\debug\logicontrollerinpututils.obj
c:\users\jacob mccarthy\documents\github\remote-driving-capstone\controller\controlstation\wheelpractice\debug\logicontrollerproperties.obj
c:\users\jacob mccarthy\documents\github\remote-driving-capstone\controller\controlstation\wheelpractice\debug\logidamperforce.obj
c:\users\jacob mccarthy\documents\github\remote-driving-capstone\controller\controlstation\wheelpractice\debug\logidirtroadeffect.obj
c:\users\jacob mccarthy\documents\github\remote-driving-capstone\controller\controlstation\wheelpractice\debug\logiforce.obj
c:\users\jacob mccarthy\documents\github\remote-driving-capstone\controller\controlstation\wheelpractice\debug\logifrontalcollisioneffect.obj
c:\users\jacob mccarthy\documents\github\remote-driving-capstone\controller\controlstation\wheelpractice\debug\logigamecontroller.obj
c:\users\jacob mccarthy\documents\github\remote-driving-capstone\controller\controlstation\wheelpractice\debug\logigamecontrollerdi.obj
c:\users\jacob mccarthy\documents\github\remote-driving-capstone\controller\controlstation\wheelpractice\debug\logigamecontrollerxinput.obj
c:\users\jacob mccarthy\documents\github\remote-driving-capstone\controller\controlstation\wheelpractice\debug\logigamingsoftwaremanager.obj
c:\users\jacob mccarthy\documents\github\remote-driving-capstone\controller\controlstation\wheelpractice\debug\logileds.obj
c:\users\jacob mccarthy\documents\github\remote-driving-capstone\controller\controlstation\wheelpractice\debug\logisidecollisioneffect.obj
c:\users\jacob mccarthy\documents\github\remote-driving-capstone\controller\controlstation\wheelpractice\debug\logislipperyroadeffect.obj
c:\users\jacob mccarthy\documents\github\remote-driving-capstone\controller\controlstation\wheelpractice\debug\logisoftstopforce.obj
c:\users\jacob mccarthy\documents\github\remote-driving-capstone\controller\controlstation\wheelpractice\debug\logispringforce.obj
c:\users\jacob mccarthy\documents\github\remote-driving-capstone\controller\controlstation\wheelpractice\debug\logisurfaceeffect.obj
c:\users\jacob mccarthy\documents\github\remote-driving-capstone\controller\controlstation\wheelpractice\debug\logiwheel.obj
c:\users\jacob mccarthy\documents\github\remote-driving-capstone\controller\controlstation\wheelpractice\debug\logiwheelutils.obj
c:\users\jacob mccarthy\documents\github\remote-driving-capstone\controller\controlstation\wheelpractice\debug\main.obj
c:\users\jacob mccarthy\documents\github\remote-driving-capstone\controller\controlstation\wheelpractice\debug\wheelapi.obj
c:\users\jacob mccarthy\documents\github\remote-driving-capstone\controller\controlstation\wheelpractice\debug\logibumpyroadeffect.obj
c:\users\jacob mccarthy\documents\github\remote-driving-capstone\controller\controlstation\wheelpractice\debug\logiconstantforce.obj
c:\users\jacob mccarthy\documents\github\remote-driving-capstone\controller\controlstation\wheelpractice\debug\logicontrollerforcemanager.obj
c:\users\jacob mccarthy\documents\github\remote-driving-capstone\controller\controlstation\wheelpractice\debug\logicontrollerinput.obj
c:\users\jacob mccarthy\documents\github\remote-driving-capstone\controller\controlstation\wheelpractice\debug\mysocket.obj
c:\users\jacob mccarthy\documents\github\remote-driving-capstone\controller\controlstation\debug\controlstation.ilk
c:\users\jacob mccarthy\documents\github\remote-driving-capstone\controller\controlstation\debug\controlstation.exe
c:\users\jacob mccarthy\documents\github\remote-driving-capstone\controller\controlstation\debug\controlstation.pdb
c:\users\jacob mccarthy\documents\github\remote-driving-capstone\controller\controlstation\wheelpractice\debug\controlstation.tlog\cl.command.1.tlog
c:\users\jacob mccarthy\documents\github\remote-driving-capstone\controller\controlstation\wheelpractice\debug\controlstation.tlog\cl.read.1.tlog
c:\users\jacob mccarthy\documents\github\remote-driving-capstone\controller\controlstation\wheelpractice\debug\controlstation.tlog\cl.write.1.tlog
c:\users\jacob mccarthy\documents\github\remote-driving-capstone\controller\controlstation\wheelpractice\debug\controlstation.tlog\link.command.1.tlog
c:\users\jacob mccarthy\documents\github\remote-driving-capstone\controller\controlstation\wheelpractice\debug\controlstation.tlog\link.read.1.tlog
c:\users\jacob mccarthy\documents\github\remote-driving-capstone\controller\controlstation\wheelpractice\debug\controlstation.tlog\link.write.1.tlog
