C:\Program Files (x86)\MSBuild\Microsoft.Cpp\v4.0\V140\Microsoft.CppBuild.targets(392,5): warning MSB8028: The intermediate directory (Debug\) contains files shared from another project (WheelPractice.vcxproj).  This can lead to incorrect clean and rebuild behavior.
  wheelApi.cpp
c:\users\jacob mccarthy\documents\github\remote-driving-capstone\controller\controlstation\wheelpractice\wheelapi.cpp(127): warning C4800: 'BOOL': forcing value to bool 'true' or 'false' (performance warning)
  main.cpp
  LogiWheelUtils.cpp
  LogiWheel.cpp
  LogiSurfaceEffect.cpp
  LogiSpringForce.cpp
  LogiSoftstopForce.cpp
  LogiSlipperyRoadEffect.cpp
  LogiSideCollisionEffect.cpp
  LogiLeds.cpp
  LogiGamingSoftwareManager.cpp
  LogiGameControllerXInput.cpp
  LogiGameControllerDI.cpp
  LogiGameController.cpp
  LogiFrontalCollisionEffect.cpp
  LogiForce.cpp
  LogiDirtRoadEffect.cpp
  LogiDamperForce.cpp
  LogiControllerProperties.cpp
  LogiControllerInputUtils.cpp
  Generating Code...
  Compiling...
  LogiControllerInput.cpp
  LogiControllerForceManager.cpp
  LogiConstantForce.cpp
  LogiBumpyRoadEffect.cpp
  Generating Code...
  WheelPractice.vcxproj -> C:\Users\Jacob McCarthy\Documents\GitHub\remote-driving-capstone\controller\ControlStation\Debug\ControlStation.exe
