c:\users\group34\documents\visual studio 2013\projects\wheelpractice\wheelpractice\debug\vc120.pdb
c:\users\group34\documents\visual studio 2013\projects\wheelpractice\wheelpractice\debug\vc120.idb
c:\users\group34\documents\visual studio 2013\projects\wheelpractice\wheelpractice\debug\logicontrollerinput.obj
c:\users\group34\documents\visual studio 2013\projects\wheelpractice\wheelpractice\debug\logicontrollerinpututils.obj
c:\users\group34\documents\visual studio 2013\projects\wheelpractice\wheelpractice\debug\logicontrollerproperties.obj
c:\users\group34\documents\visual studio 2013\projects\wheelpractice\wheelpractice\debug\logidamperforce.obj
c:\users\group34\documents\visual studio 2013\projects\wheelpractice\wheelpractice\debug\logidirtroadeffect.obj
c:\users\group34\documents\visual studio 2013\projects\wheelpractice\wheelpractice\debug\logiforce.obj
c:\users\group34\documents\visual studio 2013\projects\wheelpractice\wheelpractice\debug\logifrontalcollisioneffect.obj
c:\users\group34\documents\visual studio 2013\projects\wheelpractice\wheelpractice\debug\logigamecontroller.obj
c:\users\group34\documents\visual studio 2013\projects\wheelpractice\wheelpractice\debug\logigamecontrollerdi.obj
c:\users\group34\documents\visual studio 2013\projects\wheelpractice\wheelpractice\debug\logigamecontrollerxinput.obj
c:\users\group34\documents\visual studio 2013\projects\wheelpractice\wheelpractice\debug\logigamingsoftwaremanager.obj
c:\users\group34\documents\visual studio 2013\projects\wheelpractice\wheelpractice\debug\logileds.obj
c:\users\group34\documents\visual studio 2013\projects\wheelpractice\wheelpractice\debug\logisidecollisioneffect.obj
c:\users\group34\documents\visual studio 2013\projects\wheelpractice\wheelpractice\debug\logislipperyroadeffect.obj
c:\users\group34\documents\visual studio 2013\projects\wheelpractice\wheelpractice\debug\logisoftstopforce.obj
c:\users\group34\documents\visual studio 2013\projects\wheelpractice\wheelpractice\debug\logispringforce.obj
c:\users\group34\documents\visual studio 2013\projects\wheelpractice\wheelpractice\debug\logisurfaceeffect.obj
c:\users\group34\documents\visual studio 2013\projects\wheelpractice\wheelpractice\debug\logiwheel.obj
c:\users\group34\documents\visual studio 2013\projects\wheelpractice\wheelpractice\debug\main.obj
c:\users\group34\documents\visual studio 2013\projects\wheelpractice\wheelpractice\debug\logibumpyroadeffect.obj
c:\users\group34\documents\visual studio 2013\projects\wheelpractice\wheelpractice\debug\logiconstantforce.obj
c:\users\group34\documents\visual studio 2013\projects\wheelpractice\wheelpractice\debug\logicontrollerforcemanager.obj
c:\users\group34\documents\visual studio 2013\projects\wheelpractice\wheelpractice\debug\logiwheelutils.obj
c:\users\group34\documents\visual studio 2013\projects\wheelpractice\wheelpractice\debug\wheelapi.obj
c:\users\group34\documents\visual studio 2013\projects\wheelpractice\debug\wheelpractice.ilk
c:\users\group34\documents\visual studio 2013\projects\wheelpractice\debug\wheelpractice.exe
c:\users\group34\documents\visual studio 2013\projects\wheelpractice\debug\wheelpractice.pdb
z:\bin\wheelpractice\wheelpractice\debug\logicontrollerinput.obj
z:\bin\wheelpractice\wheelpractice\debug\logibumpyroadeffect.obj
z:\bin\wheelpractice\wheelpractice\debug\logiforce.obj
z:\bin\wheelpractice\wheelpractice\debug\logigamecontrollerxinput.obj
z:\bin\wheelpractice\wheelpractice\debug\logigamingsoftwaremanager.obj
z:\bin\wheelpractice\wheelpractice\debug\logisidecollisioneffect.obj
z:\bin\wheelpractice\wheelpractice\debug\logislipperyroadeffect.obj
z:\bin\wheelpractice\wheelpractice\debug\logisoftstopforce.obj
z:\bin\wheelpractice\wheelpractice\debug\logispringforce.obj
z:\bin\wheelpractice\wheelpractice\debug\logisurfaceeffect.obj
z:\bin\wheelpractice\wheelpractice\debug\logiwheel.obj
z:\bin\wheelpractice\wheelpractice\debug\logiwheelutils.obj
z:\bin\wheelpractice\wheelpractice\debug\main.obj
z:\bin\wheelpractice\wheelpractice\debug\logiconstantforce.obj
z:\bin\wheelpractice\wheelpractice\debug\logicontrollerforcemanager.obj
z:\bin\wheelpractice\wheelpractice\debug\logileds.obj
z:\bin\wheelpractice\wheelpractice\debug\logidamperforce.obj
z:\bin\wheelpractice\wheelpractice\debug\logifrontalcollisioneffect.obj
z:\bin\wheelpractice\wheelpractice\debug\logigamecontroller.obj
z:\bin\wheelpractice\wheelpractice\debug\logigamecontrollerdi.obj
z:\bin\wheelpractice\wheelpractice\debug\wheelapi.obj
z:\bin\wheelpractice\wheelpractice\debug\logicontrollerinpututils.obj
z:\bin\wheelpractice\wheelpractice\debug\logicontrollerproperties.obj
z:\bin\wheelpractice\wheelpractice\debug\logidirtroadeffect.obj
z:\bin\wheelpractice\wheelpractice\debug\vc120.idb
z:\bin\wheelpractice\wheelpractice\debug\vc140.idb
z:\bin\wheelpractice\wheelpractice\debug\vc120.pdb
z:\bin\wheelpractice\wheelpractice\debug\vc140.pdb
z:\bin\wheelpractice\debug\wheelpractice.pdb
z:\bin\wheelpractice\debug\wheelpractice.exe
z:\bin\wheelpractice\debug\wheelpractice.ilk
z:\bin\wheelpractice\wheelpractice\debug\wheelpractice.tlog\cl.write.1.tlog
z:\bin\wheelpractice\wheelpractice\debug\wheelpractice.tlog\cl.command.1.tlog
z:\bin\wheelpractice\wheelpractice\debug\wheelpractice.tlog\link.command.1.tlog
z:\bin\wheelpractice\wheelpractice\debug\wheelpractice.tlog\link.read.1.tlog
z:\bin\wheelpractice\wheelpractice\debug\wheelpractice.tlog\link.write.1.tlog
z:\bin\wheelpractice\wheelpractice\debug\wheelpractice.tlog\cl.read.1.tlog
