Build started 1/21/2016 3:22:25 PM.
     1>Project "C:\Users\Group34\Documents\Visual Studio 2013\Projects\WheelPractice\WheelPractice\WheelPractice.vcxproj" on node 2 (Build target(s)).
     1>ClCompile:
         C:\Program Files (x86)\Microsoft Visual Studio 12.0\VC\bin\CL.exe /c /IC:\OpenCV\Build\x64\vc11\..\..\include /ZI /nologo /W3 /WX- /sdl /Od /Oy- /D _MBCS /Gm /EHsc /RTC1 /MDd /GS /fp:precise /Zc:wchar_t /Zc:forScope /Fo"Debug\\" /Fd"Debug\vc120.pdb" /Gd /TP /analyze- /errorReport:prompt main.cpp
         main.cpp
       Link:
         C:\Program Files (x86)\Microsoft Visual Studio 12.0\VC\bin\link.exe /ERRORREPORT:PROMPT /OUT:"C:\Users\Group34\Documents\Visual Studio 2013\Projects\WheelPractice\Debug\WheelPractice.exe" /INCREMENTAL /NOLOGO /LIBPATH:C:\OpenCV\Build\x64\vc11\lib kernel32.lib user32.lib gdi32.lib winspool.lib comdlg32.lib advapi32.lib shell32.lib ole32.lib oleaut32.lib uuid.lib odbc32.lib odbccp32.lib /MANIFEST /MANIFESTUAC:"level='asInvoker' uiAccess='false'" /manifest:embed /DEBUG /PDB:"C:\Users\Group34\Documents\Visual Studio 2013\Projects\WheelPractice\Debug\WheelPractice.pdb" /TLBID:1 /DYNAMICBASE /NXCOMPAT /IMPLIB:"C:\Users\Group34\Documents\Visual Studio 2013\Projects\WheelPractice\Debug\WheelPractice.lib" /MACHINE:X86 Debug\LogiBumpyRoadEffect.obj
         Debug\LogiConstantForce.obj
         Debug\LogiControllerForceManager.obj
         Debug\LogiControllerInput.obj
         Debug\LogiControllerInputUtils.obj
         Debug\LogiControllerProperties.obj
         Debug\LogiDamperForce.obj
         Debug\LogiDirtRoadEffect.obj
         Debug\LogiForce.obj
         Debug\LogiFrontalCollisionEffect.obj
         Debug\LogiGameController.obj
         Debug\LogiGameControllerDI.obj
         Debug\LogiGameControllerXInput.obj
         Debug\LogiGamingSoftwareManager.obj
         Debug\LogiLeds.obj
         Debug\LogiSideCollisionEffect.obj
         Debug\LogiSlipperyRoadEffect.obj
         Debug\LogiSoftstopForce.obj
         Debug\LogiSpringForce.obj
         Debug\LogiSurfaceEffect.obj
         Debug\LogiWheel.obj
         Debug\LogiWheelUtils.obj
         Debug\main.obj
         WheelPractice.vcxproj -> C:\Users\Group34\Documents\Visual Studio 2013\Projects\WheelPractice\Debug\WheelPractice.exe
     1>Done Building Project "C:\Users\Group34\Documents\Visual Studio 2013\Projects\WheelPractice\WheelPractice\WheelPractice.vcxproj" (Build target(s)).

Build succeeded.

Time Elapsed 00:00:01.11
